Arguments: 
  /home/andre/.nvm/versions/node/v8.9.4/bin/node /usr/local/bin/yarn install

PATH: 
  /home/andre/bin:/home/andre/.local/bin:/home/andre/.nvm/versions/node/v8.9.4/bin:/home/andre/bin:/home/andre/.local/bin:/usr/local/sbin:/usr/local/bin:/usr/sbin:/usr/bin:/sbin:/bin:/usr/games:/usr/local/games:/snap/bin:/usr/lib/jvm/java-1.8.0-openjdk-amd64/bin:/home/andre/MyInstalled/android-sdk-linux/tools:/home/andre/MyInstalled/android-sdk-linux/platform-tools:/home/andre/MyInstalled/mongodb/mongodb-linux-x86_64-3.4.4/bin:/home/andre/MyInstalled/robomongo-1.0.0-linux-x86_64-89f24ea/bin:/home/andre/ejabberd-18.01/sbin:/home/andre/kannel/sbin:/home/andre/MyInstalled/flutter/bin:/home/andre/MyInstalled/gradle-3.5/bin:/home/andre/MyInstalled/neo4j-community-3.2.2/bin:/usr/lib/jvm/java-1.8.0-openjdk-amd64/bin:/home/andre/MyInstalled/android-sdk-linux/tools:/home/andre/MyInstalled/android-sdk-linux/platform-tools:/home/andre/MyInstalled/mongodb/mongodb-linux-x86_64-3.4.4/bin:/home/andre/MyInstalled/robomongo-1.0.0-linux-x86_64-89f24ea/bin:/home/andre/ejabberd-18.01/sbin:/home/andre/kannel/sbin:/home/andre/MyInstalled/flutter/bin:/home/andre/MyInstalled/gradle-3.5/bin:/home/andre/MyInstalled/neo4j-community-3.2.2/bin

Yarn version: 
  0.24.4

Node version: 
  8.9.4

Platform: 
  linux x64

npm manifest: 
  {
    "name": "website",
    "version": "0.0.0",
    "license": "MIT",
    "scripts": {
      "ng": "ng",
      "start": "ng serve",
      "build": "ng build",
      "test": "ng test",
      "lint": "ng lint",
      "e2e": "ng e2e"
    },
    "private": true,
    "dependencies": {
      "@angular-devkit/core": "^0.5.6",
      "@angular/animations": "^5.0.0",
      "@angular/common": "^5.0.0",
      "@angular/compiler": "^5.0.0",
      "@angular/core": "^5.0.0",
      "@angular/forms": "^5.0.0",
      "@angular/http": "^5.0.0",
      "@angular/platform-browser": "^5.0.0",
      "@angular/platform-browser-dynamic": "^5.0.0",
      "@angular/router": "^5.0.0",
      "angular-material": "^1.1.5",
      "core-js": "^2.4.1",
      "ng2-simple-smooth-scroll": "^0.2.1",
      "ngx-pagination": "^3.1.0",
      "rxjs": "^5.5.2",
      "zone.js": "^0.8.14"
    },
    "devDependencies": {
      "@angular/cli": "1.5.4",
      "@angular/compiler-cli": "^5.0.0",
      "@angular/language-service": "^5.0.0",
      "@types/jasmine": "~2.5.53",
      "@types/jasminewd2": "~2.0.2",
      "@types/node": "~6.0.60",
      "codelyzer": "^4.0.1",
      "jasmine-core": "~2.6.2",
      "jasmine-spec-reporter": "~4.1.0",
      "karma": "~1.7.0",
      "karma-chrome-launcher": "~2.1.1",
      "karma-cli": "~1.0.1",
      "karma-coverage-istanbul-reporter": "^1.2.1",
      "karma-jasmine": "~1.1.0",
      "karma-jasmine-html-reporter": "^0.2.2",
      "protractor": "~5.1.2",
      "ts-node": "~3.2.0",
      "tslint": "~5.7.0",
      "typescript": "~2.4.2"
    }
  }

yarn manifest: 
  No manifest

Lockfile: 
  No lockfile

Trace: 
  Error: https://registry.yarnpkg.com/istanbul-lib-coverage/-/istanbul-lib-coverage-1.2.0.tgz: ETIMEDOUT
      at Timeout._onTimeout (/usr/local/lib/node_modules/yarn/node_modules/request/request.js:846:19)
      at ontimeout (timers.js:475:11)
      at tryOnTimeout (timers.js:310:5)
      at Timer.listOnTimeout (timers.js:270:5)
